{"timestamp":"2026-03-10T17:12:33.939Z","level":"ERROR","message":"Command 1773162751172iil4o2f in session sess-ae768ff0 timed out","metadata":{"command":"sleep 10","timeout":1000}}
{"timestamp":"2026-03-10T17:12:34.088Z","level":"INFO","message":"Finding created for session: sess-aefb6d7d","metadata":{}}
{"timestamp":"2026-03-10T17:12:34.131Z","level":"INFO","message":"Finding deleted: 1 from session: sess-aefb6d7d","metadata":{}}
{"timestamp":"2026-03-10T17:12:34.679Z","level":"INFO","message":"Screenshot uploaded: 1773162754668-proof.png for session sess-9fe2fd66","metadata":{}}
{"timestamp":"2026-03-10T17:12:34.723Z","level":"INFO","message":"Screenshot uploaded: 1773162754714-proof.png for session sess-f1893ef3","metadata":{}}
{"timestamp":"2026-03-10T17:12:34.775Z","level":"INFO","message":"Screenshot uploaded: 1773162754763-proof.png for session sess-f2aa323a","metadata":{}}
{"timestamp":"2026-03-10T17:12:34.803Z","level":"INFO","message":"Screenshot metadata updated: 1773162754763ugpu94o","metadata":{}}
{"timestamp":"2026-03-10T17:12:34.935Z","level":"INFO","message":"New timeline event added of type: note to session: sess-49d82423","metadata":{}}
{"timestamp":"2026-03-10T17:23:29.665Z","level":"WARN","message":"Command execution rejected because it is disabled in the current environment","metadata":{"nodeEnv":"production","sessionId":"sess-07f97878"}}
{"timestamp":"2026-03-10T17:23:29.686Z","level":"INFO","message":"Received command execution request for session sess-8907b0b7: echo test","metadata":{}}
{"timestamp":"2026-03-10T17:23:29.701Z","level":"INFO","message":"Command 177316340969495pwqs0 in session sess-8907b0b7 completed successfully","metadata":{}}
{"timestamp":"2026-03-10T17:23:29.724Z","level":"INFO","message":"Received command execution request for session sess-91e9b1b2: sleep 5","metadata":{}}
{"timestamp":"2026-03-10T17:23:31.285Z","level":"INFO","message":"Received command execution request for session sess-faf2f2d0: sleep 10","metadata":{}}
{"timestamp":"2026-03-10T17:23:32.500Z","level":"INFO","message":"Received command execution request for session sess-4bf1ab4a: scan --target $env:CTF_TARGET","metadata":{}}
{"timestamp":"2026-03-10T17:23:33.624Z","level":"INFO","message":"Command 1773163412505bhbzan8 in session sess-4bf1ab4a completed successfully","metadata":{}}
{"timestamp":"2026-03-10T17:23:33.667Z","level":"INFO","message":"Received command execution request for session sess-c870fec7: curl http://127.0.0.1","metadata":{}}
{"timestamp":"2026-03-10T17:23:33.677Z","level":"INFO","message":"Command 1773163413672ru7nbcr in session sess-c870fec7 completed successfully","metadata":{}}
{"timestamp":"2026-03-10T17:23:33.689Z","level":"INFO","message":"Received command execution request for session sess-c870fec7: curl http://127.0.0.1","metadata":{}}
{"timestamp":"2026-03-10T17:23:33.704Z","level":"ERROR","message":"Command 1773163413697t7n57ks in session sess-c870fec7 failed","metadata":{"command":"curl http://127.0.0.1","code":1,"signal":null}}
{"timestamp":"2026-03-10T17:23:33.758Z","level":"INFO","message":"Received command execution request for session sess-7ae8d53c: echo test","metadata":{}}
{"timestamp":"2026-03-10T17:23:33.769Z","level":"INFO","message":"Command 1773163413763lt6aksz in session sess-7ae8d53c completed successfully","metadata":{}}
{"timestamp":"2026-03-10T17:23:33.775Z","level":"WARN","message":"Timeline event update did not persist during command execution","metadata":{"sessionId":"sess-7ae8d53c","eventId":"1773163413763lt6aksz","updates":{"status":"success","output":"Command executed successfully with no output."}}}
{"timestamp":"2026-03-10T17:23:33.795Z","level":"INFO","message":"Received command execution request for session sess-4dc3dc1c: echo test","metadata":{}}
{"timestamp":"2026-03-10T17:23:33.806Z","level":"INFO","message":"Command 1773163413801c6nnxmv in session sess-4dc3dc1c completed successfully","metadata":{}}
{"timestamp":"2026-03-10T17:23:33.812Z","level":"ERROR","message":"Failed to update timeline event during command execution","metadata":{"sessionId":"sess-4dc3dc1c","eventId":"1773163413801c6nnxmv","error":{}}}
{"timestamp":"2026-03-10T17:23:33.857Z","level":"ERROR","message":"Command 1773163411343zwvt6co in session sess-faf2f2d0 timed out","metadata":{"command":"sleep 10","timeout":1000}}
{"timestamp":"2026-03-10T17:23:33.887Z","level":"INFO","message":"Screenshot uploaded: 1773163413881-proof.png for session sess-e0325338","metadata":{}}
{"timestamp":"2026-03-10T17:23:33.914Z","level":"INFO","message":"Screenshot uploaded: 1773163413907-proof.png for session sess-0ed998c6","metadata":{}}
{"timestamp":"2026-03-10T17:23:33.942Z","level":"INFO","message":"Screenshot uploaded: 1773163413937-proof.png for session sess-8dd7df96","metadata":{}}
{"timestamp":"2026-03-10T17:23:33.951Z","level":"INFO","message":"Screenshot metadata updated: 17731634139383jj88b9","metadata":{}}
{"timestamp":"2026-03-10T17:23:33.975Z","level":"INFO","message":"New timeline event added of type: note to session: sess-b8e24793","metadata":{}}
{"timestamp":"2026-03-10T17:23:34.625Z","level":"INFO","message":"Finding created for session: sess-c6ebee78","metadata":{}}
{"timestamp":"2026-03-10T17:23:34.644Z","level":"INFO","message":"Finding deleted: 9 from session: sess-c6ebee78","metadata":{}}
{"timestamp":"2026-03-10T20:11:34.987Z","level":"WARN","message":"Command execution rejected because it is disabled in the current environment","metadata":{"nodeEnv":"production","sessionId":"sess-e454962f"}}
{"timestamp":"2026-03-10T20:11:35.036Z","level":"INFO","message":"Received command execution request for session sess-6609e1d9: echo test","metadata":{}}
{"timestamp":"2026-03-10T20:11:35.063Z","level":"INFO","message":"Command 17731734950501btxw35 in session sess-6609e1d9 completed successfully","metadata":{}}
{"timestamp":"2026-03-10T20:11:35.140Z","level":"INFO","message":"Received command execution request for session sess-05b098ca: nmap -Pn 10.10.10.10","metadata":{}}
{"timestamp":"2026-03-10T20:11:35.158Z","level":"INFO","message":"Command 1773173495147ce51vpz in session sess-05b098ca completed successfully","metadata":{}}
{"timestamp":"2026-03-10T20:11:35.192Z","level":"INFO","message":"Received command execution request for session sess-05b098ca: curl http://broken.local","metadata":{}}
{"timestamp":"2026-03-10T20:11:35.216Z","level":"ERROR","message":"Command 1773173495202bg77as0 in session sess-05b098ca failed","metadata":{"command":"curl http://broken.local","code":1,"signal":null}}
{"timestamp":"2026-03-10T20:11:35.236Z","level":"INFO","message":"Received command execution request for session sess-05b098ca: sleep 10","metadata":{}}
{"timestamp":"2026-03-10T20:11:36.447Z","level":"INFO","message":"Received command execution request for session sess-aab59285: sleep 5","metadata":{}}
{"timestamp":"2026-03-10T20:11:37.907Z","level":"ERROR","message":"Command 1773173495246rlm9cyy in session sess-05b098ca timed out","metadata":{"command":"sleep 10","timeout":1000}}
{"timestamp":"2026-03-10T20:11:38.020Z","level":"INFO","message":"Received command execution request for session sess-2b7f95bd: sleep 10","metadata":{}}
{"timestamp":"2026-03-10T20:11:39.288Z","level":"INFO","message":"Received command execution request for session sess-e324f53a: scan --target $env:CTF_TARGET","metadata":{}}
{"timestamp":"2026-03-10T20:11:40.462Z","level":"INFO","message":"Command 1773173499307zjr3qe0 in session sess-e324f53a completed successfully","metadata":{}}
{"timestamp":"2026-03-10T20:11:40.669Z","level":"INFO","message":"Received command execution request for session sess-5d5076b1: curl http://127.0.0.1","metadata":{}}
{"timestamp":"2026-03-10T20:11:40.702Z","level":"INFO","message":"Command 17731735006871jd2hy4 in session sess-5d5076b1 completed successfully","metadata":{}}
{"timestamp":"2026-03-10T20:11:40.754Z","level":"INFO","message":"Received command execution request for session sess-5d5076b1: curl http://127.0.0.1","metadata":{}}
{"timestamp":"2026-03-10T20:11:40.819Z","level":"ERROR","message":"Command 1773173500784jk5bk2m in session sess-5d5076b1 failed","metadata":{"command":"curl http://127.0.0.1","code":1,"signal":null}}
{"timestamp":"2026-03-10T20:11:41.005Z","level":"INFO","message":"Received command execution request for session sess-e0a9045c: echo test","metadata":{}}
{"timestamp":"2026-03-10T20:11:41.050Z","level":"INFO","message":"Command 1773173501034f905jz0 in session sess-e0a9045c completed successfully","metadata":{}}
{"timestamp":"2026-03-10T20:11:41.062Z","level":"WARN","message":"Timeline event update did not persist during command execution","metadata":{"sessionId":"sess-e0a9045c","eventId":"1773173501034f905jz0","updates":{"status":"success","output":"Command executed successfully with no output."}}}
{"timestamp":"2026-03-10T20:11:41.136Z","level":"INFO","message":"Received command execution request for session sess-96c1edb3: echo test","metadata":{}}
{"timestamp":"2026-03-10T20:11:41.154Z","level":"INFO","message":"Command 1773173501146udpgw0t in session sess-96c1edb3 completed successfully","metadata":{}}
{"timestamp":"2026-03-10T20:11:41.168Z","level":"ERROR","message":"Failed to update timeline event during command execution","metadata":{"sessionId":"sess-96c1edb3","eventId":"1773173501146udpgw0t","error":{}}}
{"timestamp":"2026-03-10T20:11:41.333Z","level":"ERROR","message":"Command 1773173498028j52ckvc in session sess-2b7f95bd timed out","metadata":{"command":"sleep 10","timeout":1000}}
{"timestamp":"2026-03-10T20:11:42.623Z","level":"INFO","message":"Screenshot uploaded: 1773173502584-proof.png for session sess-858b15a4","metadata":{}}
{"timestamp":"2026-03-10T20:11:43.022Z","level":"INFO","message":"Screenshot uploaded: 1773173503001-proof.png for session sess-a4240283","metadata":{}}
{"timestamp":"2026-03-10T20:11:43.086Z","level":"INFO","message":"Screenshot uploaded: 1773173503072-proof.png for session sess-94c51204","metadata":{}}
{"timestamp":"2026-03-10T20:11:43.114Z","level":"INFO","message":"Screenshot metadata updated: 1773173503073abkc48a","metadata":{}}
{"timestamp":"2026-03-10T20:11:43.156Z","level":"INFO","message":"New timeline event added of type: note to session: sess-63ee69da","metadata":{}}
{"timestamp":"2026-03-10T20:11:44.362Z","level":"INFO","message":"Finding created for session: sess-b28ef771","metadata":{}}
{"timestamp":"2026-03-10T20:11:44.414Z","level":"INFO","message":"Finding deleted: 8 from session: sess-b28ef771","metadata":{}}
{"timestamp":"2026-03-10T20:13:21.728Z","level":"WARN","message":"Command execution rejected because it is disabled in the current environment","metadata":{"nodeEnv":"production","sessionId":"sess-65c8df1d"}}
{"timestamp":"2026-03-10T20:13:21.810Z","level":"INFO","message":"Received command execution request for session sess-ba99db31: echo test","metadata":{}}
{"timestamp":"2026-03-10T20:13:21.877Z","level":"INFO","message":"Command 177317360182780syd73 in session sess-ba99db31 completed successfully","metadata":{}}
{"timestamp":"2026-03-10T20:13:22.059Z","level":"INFO","message":"Received command execution request for session sess-f885dfc6: nmap -Pn 10.10.10.10","metadata":{}}
{"timestamp":"2026-03-10T20:13:22.084Z","level":"INFO","message":"Command 1773173602066cwrfrbb in session sess-f885dfc6 completed successfully","metadata":{}}
{"timestamp":"2026-03-10T20:13:22.111Z","level":"INFO","message":"Received command execution request for session sess-f885dfc6: curl http://broken.local","metadata":{}}
{"timestamp":"2026-03-10T20:13:22.202Z","level":"ERROR","message":"Command 1773173602118o5tf4j0 in session sess-f885dfc6 failed","metadata":{"command":"curl http://broken.local","code":1,"signal":null}}
{"timestamp":"2026-03-10T20:13:22.237Z","level":"INFO","message":"Received command execution request for session sess-f885dfc6: sleep 10","metadata":{}}
{"timestamp":"2026-03-10T20:13:23.416Z","level":"INFO","message":"Received command execution request for session sess-ebebd2fb: sleep 5","metadata":{}}
{"timestamp":"2026-03-10T20:13:23.735Z","level":"WARN","message":"Timeline event update did not persist during command execution","metadata":{"sessionId":"sess-f885dfc6","eventId":"1773173602258i2jwf3n","updates":{"status":"timeout","output":"Command timed out after 1s."}}}
{"timestamp":"2026-03-10T20:13:23.769Z","level":"ERROR","message":"Command 1773173602258i2jwf3n in session sess-f885dfc6 timed out","metadata":{"command":"sleep 10","timeout":1000}}
{"timestamp":"2026-03-10T20:13:23.957Z","level":"INFO","message":"Received command execution request for session sess-2c37f35e: sleep 10","metadata":{}}
{"timestamp":"2026-03-10T20:13:25.138Z","level":"INFO","message":"Received command execution request for session sess-d975dcf7: scan --target $env:CTF_TARGET","metadata":{}}
{"timestamp":"2026-03-10T20:13:25.252Z","level":"INFO","message":"Received command execution request for session sess-c7ce746c: curl http://127.0.0.1","metadata":{}}
{"timestamp":"2026-03-10T20:13:25.367Z","level":"INFO","message":"Command 1773173605274nvcttxs in session sess-c7ce746c completed successfully","metadata":{}}
{"timestamp":"2026-03-10T20:13:25.433Z","level":"INFO","message":"Received command execution request for session sess-c7ce746c: curl http://127.0.0.1","metadata":{}}
{"timestamp":"2026-03-10T20:13:25.541Z","level":"ERROR","message":"Command 177317360548884ekivm in session sess-c7ce746c failed","metadata":{"command":"curl http://127.0.0.1","code":1,"signal":null}}
{"timestamp":"2026-03-10T20:13:25.868Z","level":"INFO","message":"Received command execution request for session sess-f31667ae: echo test","metadata":{}}
{"timestamp":"2026-03-10T20:13:25.979Z","level":"INFO","message":"Command 1773173605885wt2lq98 in session sess-f31667ae completed successfully","metadata":{}}
{"timestamp":"2026-03-10T20:13:25.991Z","level":"WARN","message":"Timeline event update did not persist during command execution","metadata":{"sessionId":"sess-f31667ae","eventId":"1773173605885wt2lq98","updates":{"status":"success","output":"Command executed successfully with no output."}}}
{"timestamp":"2026-03-10T20:13:26.079Z","level":"INFO","message":"Received command execution request for session sess-5795e91c: echo test","metadata":{}}
{"timestamp":"2026-03-10T20:13:26.194Z","level":"INFO","message":"Command 1773173606108by3il8q in session sess-5795e91c completed successfully","metadata":{}}
{"timestamp":"2026-03-10T20:13:26.203Z","level":"ERROR","message":"Failed to update timeline event during command execution","metadata":{"sessionId":"sess-5795e91c","eventId":"1773173606108by3il8q","error":{}}}
{"timestamp":"2026-03-10T20:13:26.257Z","level":"WARN","message":"Timeline event update did not persist during command execution","metadata":{"sessionId":"sess-2c37f35e","eventId":"1773173603967w3pu5o8","updates":{"status":"timeout","output":"Command timed out after 1s."}}}
{"timestamp":"2026-03-10T20:13:26.265Z","level":"ERROR","message":"Command 1773173603967w3pu5o8 in session sess-2c37f35e timed out","metadata":{"command":"sleep 10","timeout":1000}}
{"timestamp":"2026-03-10T20:13:26.797Z","level":"INFO","message":"Screenshot uploaded: 1773173606789-proof.png for session sess-2297334b","metadata":{}}
{"timestamp":"2026-03-10T20:13:26.896Z","level":"INFO","message":"Screenshot uploaded: 1773173606862-proof.png for session sess-e8f13671","metadata":{}}
{"timestamp":"2026-03-10T20:13:27.016Z","level":"INFO","message":"Screenshot uploaded: 1773173606995-proof.png for session sess-35f14077","metadata":{}}
{"timestamp":"2026-03-10T20:13:27.048Z","level":"INFO","message":"Screenshot metadata updated: 1773173607003kjz9029","metadata":{}}
{"timestamp":"2026-03-10T20:13:27.143Z","level":"INFO","message":"New timeline event added of type: note to session: sess-8be5ca84","metadata":{}}
{"timestamp":"2026-03-10T20:13:28.314Z","level":"ERROR","message":"Command 1773173605622dl3fpnx in session sess-c7ce746c failed","metadata":{"command":"curl http://127.0.0.1","code":1,"signal":null}}
{"timestamp":"2026-03-10T20:13:28.328Z","level":"WARN","message":"Timeline event update did not persist during command execution","metadata":{"sessionId":"sess-c7ce746c","eventId":"1773173605622dl3fpnx","updates":{"status":"failed","output":"\n\n[stderr]:\ncurl : Windows PowerShell se encuentra en modo no interactivo. Las funciones de lectura y confirmaci�n no est�n \ndisponibles.\nEn l�nea: 1 Car�cter: 1\n+ curl http://127.0.0.1\n+ ~~~~~~~~~~~~~~~~~~~~~\n    + CategoryInfo          : InvalidOperation: (:) [Invoke-WebRequest], PSInvalidOperationException\n    + FullyQualifiedErrorId : InvalidOperation,Microsoft.PowerShell.Commands.InvokeWebRequestCommand\n \n"}}}
{"timestamp":"2026-03-10T20:13:28.630Z","level":"INFO","message":"Finding created for session: sess-6d9a276d","metadata":{}}
{"timestamp":"2026-03-10T20:13:28.658Z","level":"INFO","message":"Finding deleted: 9 from session: sess-6d9a276d","metadata":{}}
{"timestamp":"2026-03-10T20:13:29.324Z","level":"ERROR","message":"Command 1773173605150ptvanc7 in session sess-d975dcf7 failed","metadata":{"command":"scan --target $env:CTF_TARGET","code":1,"signal":null}}
{"timestamp":"2026-03-10T20:13:29.333Z","level":"WARN","message":"Timeline event update did not persist during command execution","metadata":{"sessionId":"sess-d975dcf7","eventId":"1773173605150ptvanc7","updates":{"status":"failed","output":"\n\n[stderr]:\nscan : El t�rmino 'scan' no se reconoce como nombre de un cmdlet, funci�n, archivo de script o programa ejecutable. \nCompruebe si escribi� correctamente el nombre o, si incluy� una ruta de acceso, compruebe que dicha ruta es correcta e \nint�ntelo de nuevo.\nEn l�nea: 1 Car�cter: 1\n+ scan --target $env:CTF_TARGET\n+ ~~~~\n    + CategoryInfo          : ObjectNotFound: (scan:String) [], CommandNotFoundException\n    + FullyQualifiedErrorId : CommandNotFoundException\n \n"}}}
{"timestamp":"2026-03-10T20:15:47.669Z","level":"WARN","message":"Command execution rejected because it is disabled in the current environment","metadata":{"nodeEnv":"production","sessionId":"sess-2c349d63"}}
{"timestamp":"2026-03-10T20:15:47.700Z","level":"INFO","message":"Received command execution request for session sess-c6462a1a: echo test","metadata":{}}
{"timestamp":"2026-03-10T20:15:47.719Z","level":"INFO","message":"Command 1773173747708jeauvhy in session sess-c6462a1a completed successfully","metadata":{}}
{"timestamp":"2026-03-10T20:15:47.764Z","level":"INFO","message":"Received command execution request for session sess-46b6e2e0: nmap -Pn 10.10.10.10","metadata":{}}
{"timestamp":"2026-03-10T20:15:47.778Z","level":"INFO","message":"Command 1773173747769okfaqsh in session sess-46b6e2e0 completed successfully","metadata":{}}
{"timestamp":"2026-03-10T20:15:47.802Z","level":"INFO","message":"Received command execution request for session sess-46b6e2e0: curl http://broken.local","metadata":{}}
{"timestamp":"2026-03-10T20:15:47.816Z","level":"ERROR","message":"Command 1773173747809z0ogjyo in session sess-46b6e2e0 failed","metadata":{"command":"curl http://broken.local","code":1,"signal":null}}
{"timestamp":"2026-03-10T20:15:47.844Z","level":"INFO","message":"Received command execution request for session sess-1c9bbf11: sleep 5","metadata":{}}
{"timestamp":"2026-03-10T20:15:49.425Z","level":"INFO","message":"Received command execution request for session sess-2106ebfd: sleep 10","metadata":{}}
{"timestamp":"2026-03-10T20:15:50.563Z","level":"INFO","message":"Received command execution request for session sess-5266da7a: scan --target $env:CTF_TARGET","metadata":{}}
{"timestamp":"2026-03-10T20:15:51.697Z","level":"INFO","message":"Command 17731737505718d8g877 in session sess-5266da7a completed successfully","metadata":{}}
{"timestamp":"2026-03-10T20:15:51.774Z","level":"INFO","message":"Received command execution request for session sess-7dd362ae: curl http://127.0.0.1","metadata":{}}
{"timestamp":"2026-03-10T20:15:51.788Z","level":"INFO","message":"Command 17731737517810mopuvd in session sess-7dd362ae completed successfully","metadata":{}}
{"timestamp":"2026-03-10T20:15:51.806Z","level":"INFO","message":"Received command execution request for session sess-7dd362ae: curl http://127.0.0.1","metadata":{}}
{"timestamp":"2026-03-10T20:15:51.816Z","level":"ERROR","message":"Command 1773173751811bbq3640 in session sess-7dd362ae failed","metadata":{"command":"curl http://127.0.0.1","code":1,"signal":null}}
{"timestamp":"2026-03-10T20:15:51.876Z","level":"INFO","message":"Received command execution request for session sess-a5b9a731: echo test","metadata":{}}
{"timestamp":"2026-03-10T20:15:51.889Z","level":"INFO","message":"Command 1773173751882t850c26 in session sess-a5b9a731 completed successfully","metadata":{}}
{"timestamp":"2026-03-10T20:15:51.896Z","level":"WARN","message":"Timeline event update did not persist during command execution","metadata":{"sessionId":"sess-a5b9a731","eventId":"1773173751882t850c26","updates":{"status":"success","output":"Command executed successfully with no output."}}}
{"timestamp":"2026-03-10T20:15:51.917Z","level":"INFO","message":"Received command execution request for session sess-7544072f: echo test","metadata":{}}
{"timestamp":"2026-03-10T20:15:51.930Z","level":"INFO","message":"Command 17731737519239g88o2l in session sess-7544072f completed successfully","metadata":{}}
{"timestamp":"2026-03-10T20:15:51.936Z","level":"ERROR","message":"Failed to update timeline event during command execution","metadata":{"sessionId":"sess-7544072f","eventId":"17731737519239g88o2l","error":{}}}
{"timestamp":"2026-03-10T20:15:51.983Z","level":"ERROR","message":"Command 1773173749431r6nkbw7 in session sess-2106ebfd timed out","metadata":{"command":"sleep 10","timeout":1000}}
{"timestamp":"2026-03-10T20:15:52.196Z","level":"INFO","message":"Screenshot uploaded: 1773173752189-proof.png for session sess-ecc0146e","metadata":{}}
{"timestamp":"2026-03-10T20:15:52.224Z","level":"INFO","message":"Screenshot uploaded: 1773173752217-proof.png for session sess-502b6305","metadata":{}}
{"timestamp":"2026-03-10T20:15:52.250Z","level":"INFO","message":"Screenshot uploaded: 1773173752245-proof.png for session sess-12e7da64","metadata":{}}
{"timestamp":"2026-03-10T20:15:52.265Z","level":"INFO","message":"Screenshot metadata updated: 1773173752246ygchla6","metadata":{}}
{"timestamp":"2026-03-10T20:15:52.365Z","level":"INFO","message":"New timeline event added of type: note to session: sess-2309d50f","metadata":{}}
{"timestamp":"2026-03-10T20:15:53.049Z","level":"INFO","message":"Finding created for session: sess-6b21f94c","metadata":{}}
{"timestamp":"2026-03-10T20:15:53.068Z","level":"INFO","message":"Finding deleted: 9 from session: sess-6b21f94c","metadata":{}}
{"timestamp":"2026-03-10T20:17:03.892Z","level":"WARN","message":"Command execution rejected because it is disabled in the current environment","metadata":{"nodeEnv":"production","sessionId":"sess-dc4b10d0"}}
{"timestamp":"2026-03-10T20:17:03.920Z","level":"INFO","message":"Received command execution request for session sess-4035f1dd: echo test","metadata":{}}
{"timestamp":"2026-03-10T20:17:03.962Z","level":"INFO","message":"Command 1773173823929lgobpms in session sess-4035f1dd completed successfully","metadata":{}}
{"timestamp":"2026-03-10T20:17:03.996Z","level":"INFO","message":"Received command execution request for session sess-d4015467: nmap -Pn 10.10.10.10","metadata":{}}
{"timestamp":"2026-03-10T20:17:04.024Z","level":"INFO","message":"Command 1773173824003ryrl0d8 in session sess-d4015467 completed successfully","metadata":{}}
{"timestamp":"2026-03-10T20:17:04.043Z","level":"INFO","message":"Received command execution request for session sess-d4015467: curl http://broken.local","metadata":{}}
{"timestamp":"2026-03-10T20:17:04.067Z","level":"ERROR","message":"Command 1773173824049abya401 in session sess-d4015467 failed","metadata":{"command":"curl http://broken.local","code":1,"signal":null}}
{"timestamp":"2026-03-10T20:17:04.099Z","level":"INFO","message":"Received command execution request for session sess-b99e4f58: sleep 5","metadata":{}}
{"timestamp":"2026-03-10T20:17:04.798Z","level":"INFO","message":"Received command execution request for session sess-9f9e1c80: sleep 10","metadata":{}}
{"timestamp":"2026-03-10T20:17:05.996Z","level":"INFO","message":"Received command execution request for session sess-90320d8e: scan --target $env:CTF_TARGET","metadata":{}}
{"timestamp":"2026-03-10T20:17:06.054Z","level":"INFO","message":"Received command execution request for session sess-87a684b7: curl http://127.0.0.1","metadata":{}}
{"timestamp":"2026-03-10T20:17:06.104Z","level":"INFO","message":"Command 1773173826062wa1vcrb in session sess-87a684b7 completed successfully","metadata":{}}
{"timestamp":"2026-03-10T20:17:06.136Z","level":"INFO","message":"Received command execution request for session sess-87a684b7: curl http://127.0.0.1","metadata":{}}
{"timestamp":"2026-03-10T20:17:06.170Z","level":"ERROR","message":"Command 1773173826145ld21365 in session sess-87a684b7 failed","metadata":{"command":"curl http://127.0.0.1","code":1,"signal":null}}
{"timestamp":"2026-03-10T20:17:06.355Z","level":"INFO","message":"Received command execution request for session sess-707077e0: echo test","metadata":{}}
{"timestamp":"2026-03-10T20:17:06.415Z","level":"INFO","message":"Command 17731738263797qrnmhr in session sess-707077e0 completed successfully","metadata":{}}
{"timestamp":"2026-03-10T20:17:06.475Z","level":"WARN","message":"Timeline event update did not persist during command execution","metadata":{"sessionId":"sess-707077e0","eventId":"17731738263797qrnmhr","updates":{"status":"success","output":"Command executed successfully with no output."}}}
{"timestamp":"2026-03-10T20:17:06.571Z","level":"INFO","message":"Received command execution request for session sess-b439fd23: echo test","metadata":{}}
{"timestamp":"2026-03-10T20:17:06.661Z","level":"INFO","message":"Command 1773173826594n5n4nk9 in session sess-b439fd23 completed successfully","metadata":{}}
{"timestamp":"2026-03-10T20:17:06.673Z","level":"ERROR","message":"Failed to update timeline event during command execution","metadata":{"sessionId":"sess-b439fd23","eventId":"1773173826594n5n4nk9","error":{}}}
{"timestamp":"2026-03-10T20:17:06.757Z","level":"WARN","message":"Timeline event update did not persist during command execution","metadata":{"sessionId":"sess-9f9e1c80","eventId":"1773173824806c6d66wv","updates":{"status":"timeout","output":"Command timed out after 1s."}}}
{"timestamp":"2026-03-10T20:17:06.768Z","level":"ERROR","message":"Command 1773173824806c6d66wv in session sess-9f9e1c80 timed out","metadata":{"command":"sleep 10","timeout":1000}}
{"timestamp":"2026-03-10T20:17:07.128Z","level":"INFO","message":"Screenshot uploaded: 1773173827117-proof.png for session sess-9a66e615","metadata":{}}
{"timestamp":"2026-03-10T20:17:07.210Z","level":"INFO","message":"Screenshot uploaded: 1773173827193-proof.png for session sess-b76f5068","metadata":{}}
{"timestamp":"2026-03-10T20:17:07.636Z","level":"INFO","message":"Screenshot uploaded: 1773173827472-proof.png for session sess-3b82ca4f","metadata":{}}
{"timestamp":"2026-03-10T20:17:07.918Z","level":"INFO","message":"Screenshot metadata updated: 1773173827526vbkswu1","metadata":{}}
{"timestamp":"2026-03-10T20:17:07.976Z","level":"INFO","message":"New timeline event added of type: note to session: sess-f278719e","metadata":{}}
{"timestamp":"2026-03-10T20:17:08.851Z","level":"ERROR","message":"Command 1773173826236qxbw22z in session sess-87a684b7 failed","metadata":{"command":"curl http://127.0.0.1","code":1,"signal":null}}
{"timestamp":"2026-03-10T20:17:08.860Z","level":"WARN","message":"Timeline event update did not persist during command execution","metadata":{"sessionId":"sess-87a684b7","eventId":"1773173826236qxbw22z","updates":{"status":"failed","output":"\n\n[stderr]:\ncurl : Windows PowerShell se encuentra en modo no interactivo. Las funciones de lectura y confirmaci�n no est�n \ndisponibles.\nEn l�nea: 1 Car�cter: 1\n+ curl http://127.0.0.1\n+ ~~~~~~~~~~~~~~~~~~~~~\n    + CategoryInfo          : InvalidOperation: (:) [Invoke-WebRequest], PSInvalidOperationException\n    + FullyQualifiedErrorId : InvalidOperation,Microsoft.PowerShell.Commands.InvokeWebRequestCommand\n \n"}}}
{"timestamp":"2026-03-10T20:17:09.243Z","level":"INFO","message":"Finding created for session: sess-4f792469","metadata":{}}
{"timestamp":"2026-03-10T20:17:09.272Z","level":"INFO","message":"Finding deleted: 9 from session: sess-4f792469","metadata":{}}
{"timestamp":"2026-03-10T20:17:09.718Z","level":"ERROR","message":"Command 1773173826006v26eo4h in session sess-90320d8e failed","metadata":{"command":"scan --target $env:CTF_TARGET","code":1,"signal":null}}
{"timestamp":"2026-03-10T20:17:09.729Z","level":"WARN","message":"Timeline event update did not persist during command execution","metadata":{"sessionId":"sess-90320d8e","eventId":"1773173826006v26eo4h","updates":{"status":"failed","output":"\n\n[stderr]:\nscan : El t�rmino 'scan' no se reconoce como nombre de un cmdlet, funci�n, archivo de script o programa ejecutable. \nCompruebe si escribi� correctamente el nombre o, si incluy� una ruta de acceso, compruebe que dicha ruta es correcta e \nint�ntelo de nuevo.\nEn l�nea: 1 Car�cter: 1\n+ scan --target $env:CTF_TARGET\n+ ~~~~\n    + CategoryInfo          : ObjectNotFound: (scan:String) [], CommandNotFoundException\n    + FullyQualifiedErrorId : CommandNotFoundException\n \n"}}}
{"timestamp":"2026-03-10T20:18:27.227Z","level":"WARN","message":"Command execution rejected because it is disabled in the current environment","metadata":{"nodeEnv":"production","sessionId":"sess-741268a4"}}
{"timestamp":"2026-03-10T20:18:27.256Z","level":"INFO","message":"Received command execution request for session sess-ad48c956: echo test","metadata":{}}
{"timestamp":"2026-03-10T20:18:27.271Z","level":"INFO","message":"Command 1773173907262en5gppt in session sess-ad48c956 completed successfully","metadata":{}}
{"timestamp":"2026-03-10T20:18:27.320Z","level":"INFO","message":"Received command execution request for session sess-624299cb: nmap -Pn 10.10.10.10","metadata":{}}
{"timestamp":"2026-03-10T20:18:27.334Z","level":"INFO","message":"Command 177317390732753eydh9 in session sess-624299cb completed successfully","metadata":{}}
{"timestamp":"2026-03-10T20:18:27.355Z","level":"INFO","message":"Received command execution request for session sess-624299cb: curl http://broken.local","metadata":{}}
{"timestamp":"2026-03-10T20:18:27.367Z","level":"ERROR","message":"Command 1773173907360zswo25g in session sess-624299cb failed","metadata":{"command":"curl http://broken.local","code":1,"signal":null}}
{"timestamp":"2026-03-10T20:18:27.391Z","level":"INFO","message":"Received command execution request for session sess-14881504: sleep 5","metadata":{}}
{"timestamp":"2026-03-10T20:18:28.961Z","level":"INFO","message":"Received command execution request for session sess-3621ea29: sleep 10","metadata":{}}
{"timestamp":"2026-03-10T20:18:30.115Z","level":"INFO","message":"Received command execution request for session sess-4cf11b01: scan --target $env:CTF_TARGET","metadata":{}}
{"timestamp":"2026-03-10T20:18:31.316Z","level":"INFO","message":"Command 177317391012246oyudj in session sess-4cf11b01 completed successfully","metadata":{}}
{"timestamp":"2026-03-10T20:18:31.388Z","level":"INFO","message":"Received command execution request for session sess-61f74f82: curl http://127.0.0.1","metadata":{}}
{"timestamp":"2026-03-10T20:18:31.401Z","level":"INFO","message":"Command 1773173911394195swmu in session sess-61f74f82 completed successfully","metadata":{}}
{"timestamp":"2026-03-10T20:18:31.418Z","level":"INFO","message":"Received command execution request for session sess-61f74f82: curl http://127.0.0.1","metadata":{}}
{"timestamp":"2026-03-10T20:18:31.431Z","level":"ERROR","message":"Command 1773173911424igr2heu in session sess-61f74f82 failed","metadata":{"command":"curl http://127.0.0.1","code":1,"signal":null}}
{"timestamp":"2026-03-10T20:18:31.492Z","level":"INFO","message":"Received command execution request for session sess-a0f33715: echo test","metadata":{}}
{"timestamp":"2026-03-10T20:18:31.502Z","level":"INFO","message":"Command 1773173911496x7ok1bw in session sess-a0f33715 completed successfully","metadata":{}}
{"timestamp":"2026-03-10T20:18:31.508Z","level":"WARN","message":"Timeline event update did not persist during command execution","metadata":{"sessionId":"sess-a0f33715","eventId":"1773173911496x7ok1bw","updates":{"status":"success","output":"Command executed successfully with no output."}}}
{"timestamp":"2026-03-10T20:18:31.536Z","level":"INFO","message":"Received command execution request for session sess-664f0883: echo test","metadata":{}}
{"timestamp":"2026-03-10T20:18:31.548Z","level":"INFO","message":"Command 1773173911541zfi68y9 in session sess-664f0883 completed successfully","metadata":{}}
{"timestamp":"2026-03-10T20:18:31.557Z","level":"ERROR","message":"Failed to update timeline event during command execution","metadata":{"sessionId":"sess-664f0883","eventId":"1773173911541zfi68y9","error":{}}}
{"timestamp":"2026-03-10T20:18:31.579Z","level":"ERROR","message":"Command 1773173908986zulcvrj in session sess-3621ea29 timed out","metadata":{"command":"sleep 10","timeout":1000}}
{"timestamp":"2026-03-10T20:18:31.682Z","level":"INFO","message":"Screenshot uploaded: 1773173911677-proof.png for session sess-3f08ea76","metadata":{}}
{"timestamp":"2026-03-10T20:18:31.710Z","level":"INFO","message":"Screenshot uploaded: 1773173911703-proof.png for session sess-82fa25de","metadata":{}}
{"timestamp":"2026-03-10T20:18:31.744Z","level":"INFO","message":"Screenshot uploaded: 1773173911737-proof.png for session sess-86425d08","metadata":{}}
{"timestamp":"2026-03-10T20:18:31.757Z","level":"INFO","message":"Screenshot metadata updated: 1773173911737x84453n","metadata":{}}
{"timestamp":"2026-03-10T20:18:31.781Z","level":"INFO","message":"New timeline event added of type: note to session: sess-7c5d3073","metadata":{}}
{"timestamp":"2026-03-10T20:18:32.511Z","level":"INFO","message":"Finding created for session: sess-6fa38b0d","metadata":{}}
{"timestamp":"2026-03-10T20:18:32.535Z","level":"INFO","message":"Finding deleted: 9 from session: sess-6fa38b0d","metadata":{}}
{"timestamp":"2026-03-10T20:22:59.071Z","level":"WARN","message":"Command execution rejected because it is disabled in the current environment","metadata":{"nodeEnv":"production","sessionId":"sess-f255188f"}}
{"timestamp":"2026-03-10T20:22:59.102Z","level":"INFO","message":"Received command execution request for session sess-9f2ee0b3: echo test","metadata":{}}
{"timestamp":"2026-03-10T20:22:59.130Z","level":"INFO","message":"Command 1773174179111ja559kg in session sess-9f2ee0b3 completed successfully","metadata":{}}
{"timestamp":"2026-03-10T20:22:59.173Z","level":"INFO","message":"Received command execution request for session sess-c0455a02: nmap -Pn 10.10.10.10","metadata":{}}
{"timestamp":"2026-03-10T20:22:59.186Z","level":"INFO","message":"Command 1773174179179ry5xyv8 in session sess-c0455a02 completed successfully","metadata":{}}
{"timestamp":"2026-03-10T20:22:59.207Z","level":"INFO","message":"Received command execution request for session sess-c0455a02: curl http://broken.local","metadata":{}}
{"timestamp":"2026-03-10T20:22:59.218Z","level":"ERROR","message":"Command 1773174179211cfq8t4z in session sess-c0455a02 failed","metadata":{"command":"curl http://broken.local","code":1,"signal":null}}
{"timestamp":"2026-03-10T20:22:59.243Z","level":"INFO","message":"Received command execution request for session sess-a7e48c09: sleep 5","metadata":{}}
{"timestamp":"2026-03-10T20:23:00.791Z","level":"INFO","message":"Received command execution request for session sess-6a51236a: sleep 10","metadata":{}}
{"timestamp":"2026-03-10T20:23:01.980Z","level":"INFO","message":"Received command execution request for session sess-d89cab9f: scan --target $env:CTF_TARGET","metadata":{}}
{"timestamp":"2026-03-10T20:23:03.119Z","level":"INFO","message":"Command 1773174181990g1o0yp5 in session sess-d89cab9f completed successfully","metadata":{}}
{"timestamp":"2026-03-10T20:23:03.178Z","level":"INFO","message":"Received command execution request for session sess-379cc1be: curl http://127.0.0.1","metadata":{}}
{"timestamp":"2026-03-10T20:23:03.194Z","level":"INFO","message":"Command 1773174183185gszw2b8 in session sess-379cc1be completed successfully","metadata":{}}
{"timestamp":"2026-03-10T20:23:03.224Z","level":"INFO","message":"Received command execution request for session sess-379cc1be: curl http://127.0.0.1","metadata":{}}
{"timestamp":"2026-03-10T20:23:03.282Z","level":"ERROR","message":"Command 1773174183231f1ld0i1 in session sess-379cc1be failed","metadata":{"command":"curl http://127.0.0.1","code":1,"signal":null}}
{"timestamp":"2026-03-10T20:23:03.360Z","level":"INFO","message":"Received command execution request for session sess-cfc135dc: echo test","metadata":{}}
{"timestamp":"2026-03-10T20:23:03.374Z","level":"INFO","message":"Command 1773174183366vplgpan in session sess-cfc135dc completed successfully","metadata":{}}
{"timestamp":"2026-03-10T20:23:03.380Z","level":"WARN","message":"Timeline event update did not persist during command execution","metadata":{"sessionId":"sess-cfc135dc","eventId":"1773174183366vplgpan","updates":{"status":"success","output":"Command executed successfully with no output."}}}
{"timestamp":"2026-03-10T20:23:03.401Z","level":"INFO","message":"Received command execution request for session sess-f6c121e4: echo test","metadata":{}}
{"timestamp":"2026-03-10T20:23:03.413Z","level":"INFO","message":"Command 1773174183408s1s8krd in session sess-f6c121e4 completed successfully","metadata":{}}
{"timestamp":"2026-03-10T20:23:03.420Z","level":"ERROR","message":"Failed to update timeline event during command execution","metadata":{"sessionId":"sess-f6c121e4","eventId":"1773174183408s1s8krd","error":{}}}
{"timestamp":"2026-03-10T20:23:03.443Z","level":"ERROR","message":"Command 1773174180799r769joy in session sess-6a51236a timed out","metadata":{"command":"sleep 10","timeout":1000}}
{"timestamp":"2026-03-10T20:23:03.520Z","level":"INFO","message":"Screenshot uploaded: 1773174183513-proof.png for session sess-31db211c","metadata":{}}
{"timestamp":"2026-03-10T20:23:03.549Z","level":"INFO","message":"Screenshot uploaded: 1773174183545-proof.png for session sess-cbd6da0b","metadata":{}}
{"timestamp":"2026-03-10T20:23:03.580Z","level":"INFO","message":"Screenshot uploaded: 1773174183574-proof.png for session sess-5f4097ba","metadata":{}}
{"timestamp":"2026-03-10T20:23:03.593Z","level":"INFO","message":"Screenshot metadata updated: 17731741835751v076fp","metadata":{}}
{"timestamp":"2026-03-10T20:23:03.625Z","level":"INFO","message":"New timeline event added of type: note to session: sess-30670536","metadata":{}}
{"timestamp":"2026-03-10T20:23:04.458Z","level":"INFO","message":"Finding created for session: sess-4b59de2a","metadata":{}}
{"timestamp":"2026-03-10T20:23:04.485Z","level":"INFO","message":"Finding deleted: 9 from session: sess-4b59de2a","metadata":{}}
{"timestamp":"2026-03-10T20:56:41.723Z","level":"WARN","message":"Command execution rejected because it is disabled in the current environment","metadata":{"nodeEnv":"production","sessionId":"sess-3a5098d2"}}
{"timestamp":"2026-03-10T20:56:41.753Z","level":"INFO","message":"Received command execution request for session sess-664c0b42: echo test","metadata":{}}
{"timestamp":"2026-03-10T20:56:41.989Z","level":"INFO","message":"Command 1773176201760kbiztae in session sess-664c0b42 completed successfully","metadata":{}}
{"timestamp":"2026-03-10T20:56:42.036Z","level":"INFO","message":"Received command execution request for session sess-7c2cdfa8: nmap -Pn 10.10.10.10","metadata":{}}
{"timestamp":"2026-03-10T20:56:42.049Z","level":"INFO","message":"Command 1773176202042gly70gn in session sess-7c2cdfa8 completed successfully","metadata":{}}
{"timestamp":"2026-03-10T20:56:42.071Z","level":"INFO","message":"Received command execution request for session sess-7c2cdfa8: curl http://broken.local","metadata":{}}
{"timestamp":"2026-03-10T20:56:42.085Z","level":"ERROR","message":"Command 1773176202077r73fj9j in session sess-7c2cdfa8 failed","metadata":{"command":"curl http://broken.local","code":1,"signal":null}}
{"timestamp":"2026-03-10T20:56:42.110Z","level":"INFO","message":"Received command execution request for session sess-16525bb0: sleep 5","metadata":{}}
{"timestamp":"2026-03-10T20:56:43.687Z","level":"INFO","message":"Received command execution request for session sess-a1a1ed5c: sleep 10","metadata":{}}
{"timestamp":"2026-03-10T20:56:44.838Z","level":"INFO","message":"Received command execution request for session sess-dc9b5ea8: scan --target $env:CTF_TARGET","metadata":{}}
{"timestamp":"2026-03-10T20:56:45.969Z","level":"INFO","message":"Command 1773176204843tu5sd9q in session sess-dc9b5ea8 completed successfully","metadata":{}}
{"timestamp":"2026-03-10T20:56:46.064Z","level":"INFO","message":"Received command execution request for session sess-4a53b682: curl http://127.0.0.1","metadata":{}}
{"timestamp":"2026-03-10T20:56:46.080Z","level":"INFO","message":"Command 1773176206071ax1s44v in session sess-4a53b682 completed successfully","metadata":{}}
{"timestamp":"2026-03-10T20:56:46.102Z","level":"INFO","message":"Received command execution request for session sess-4a53b682: curl http://127.0.0.1","metadata":{}}
{"timestamp":"2026-03-10T20:56:46.114Z","level":"ERROR","message":"Command 1773176206109rwzaiq9 in session sess-4a53b682 failed","metadata":{"command":"curl http://127.0.0.1","code":1,"signal":null}}
{"timestamp":"2026-03-10T20:56:46.187Z","level":"INFO","message":"Received command execution request for session sess-9cbd30c6: echo test","metadata":{}}
{"timestamp":"2026-03-10T20:56:46.231Z","level":"INFO","message":"Command 17731762062072fs8dgp in session sess-9cbd30c6 completed successfully","metadata":{}}
{"timestamp":"2026-03-10T20:56:46.252Z","level":"WARN","message":"Timeline event update did not persist during command execution","metadata":{"sessionId":"sess-9cbd30c6","eventId":"17731762062072fs8dgp","updates":{"status":"success","output":"Command executed successfully with no output."}}}
{"timestamp":"2026-03-10T20:56:46.296Z","level":"INFO","message":"Received command execution request for session sess-db1550c6: echo test","metadata":{}}
{"timestamp":"2026-03-10T20:56:46.312Z","level":"INFO","message":"Command 1773176206304ss86r9d in session sess-db1550c6 completed successfully","metadata":{}}
{"timestamp":"2026-03-10T20:56:46.320Z","level":"ERROR","message":"Failed to update timeline event during command execution","metadata":{"sessionId":"sess-db1550c6","eventId":"1773176206304ss86r9d","error":{}}}
{"timestamp":"2026-03-10T20:56:46.364Z","level":"ERROR","message":"Command 1773176203698koasxx4 in session sess-a1a1ed5c timed out","metadata":{"command":"sleep 10","timeout":1000}}
{"timestamp":"2026-03-10T20:56:46.502Z","level":"INFO","message":"Screenshot uploaded: 1773176206489-proof.png for session sess-3f41e7aa","metadata":{}}
{"timestamp":"2026-03-10T20:56:46.538Z","level":"INFO","message":"Screenshot uploaded: 1773176206531-proof.png for session sess-0a985dc1","metadata":{}}
{"timestamp":"2026-03-10T20:56:46.570Z","level":"INFO","message":"Screenshot uploaded: 1773176206564-proof.png for session sess-42a06d75","metadata":{}}
{"timestamp":"2026-03-10T20:56:46.583Z","level":"INFO","message":"Screenshot metadata updated: 1773176206564qbjp7eu","metadata":{}}
{"timestamp":"2026-03-10T20:56:46.617Z","level":"INFO","message":"New timeline event added of type: note to session: sess-1c5a78b8","metadata":{}}
{"timestamp":"2026-03-10T20:56:48.581Z","level":"INFO","message":"Finding created for session: sess-08aa008b","metadata":{}}
{"timestamp":"2026-03-10T20:56:48.620Z","level":"INFO","message":"Finding deleted: 10 from session: sess-08aa008b","metadata":{}}
{"timestamp":"2026-03-10T21:41:06.469Z","level":"WARN","message":"Command execution rejected because it is disabled in the current environment","metadata":{"nodeEnv":"production","sessionId":"sess-f48bc227"}}
{"timestamp":"2026-03-10T21:41:06.508Z","level":"INFO","message":"Received command execution request for session sess-cf24a85e: echo test","metadata":{}}
{"timestamp":"2026-03-10T21:41:06.530Z","level":"INFO","message":"Command 17731788665177v81sqn in session sess-cf24a85e completed successfully","metadata":{}}
{"timestamp":"2026-03-10T21:41:06.583Z","level":"INFO","message":"Received command execution request for session sess-d8cfe7ef: nmap -Pn 10.10.10.10","metadata":{}}
{"timestamp":"2026-03-10T21:41:06.600Z","level":"INFO","message":"Command 1773178866591y0uejhl in session sess-d8cfe7ef completed successfully","metadata":{}}
{"timestamp":"2026-03-10T21:41:06.626Z","level":"INFO","message":"Received command execution request for session sess-d8cfe7ef: curl http://broken.local","metadata":{}}
{"timestamp":"2026-03-10T21:41:06.645Z","level":"ERROR","message":"Command 1773178866636vavax5c in session sess-d8cfe7ef failed","metadata":{"command":"curl http://broken.local","code":1,"signal":null}}
{"timestamp":"2026-03-10T21:41:06.678Z","level":"INFO","message":"Received command execution request for session sess-d1481f0c: sleep 5","metadata":{}}
{"timestamp":"2026-03-10T21:41:08.254Z","level":"INFO","message":"Received command execution request for session sess-00db37e9: sleep 10","metadata":{}}
{"timestamp":"2026-03-10T21:41:09.384Z","level":"INFO","message":"Received command execution request for session sess-53994819: scan --target $env:CTF_TARGET","metadata":{}}
{"timestamp":"2026-03-10T21:41:10.512Z","level":"INFO","message":"Command 1773178869391hox8irb in session sess-53994819 completed successfully","metadata":{}}
{"timestamp":"2026-03-10T21:41:10.613Z","level":"INFO","message":"Received command execution request for session sess-821ca251: curl http://127.0.0.1","metadata":{}}
{"timestamp":"2026-03-10T21:41:10.627Z","level":"INFO","message":"Command 1773178870620xlv9w83 in session sess-821ca251 completed successfully","metadata":{}}
{"timestamp":"2026-03-10T21:41:10.647Z","level":"INFO","message":"Received command execution request for session sess-821ca251: curl http://127.0.0.1","metadata":{}}
{"timestamp":"2026-03-10T21:41:10.661Z","level":"ERROR","message":"Command 177317887065586p86bk in session sess-821ca251 failed","metadata":{"command":"curl http://127.0.0.1","code":1,"signal":null}}
{"timestamp":"2026-03-10T21:41:10.724Z","level":"INFO","message":"Received command execution request for session sess-79e94f78: echo test","metadata":{}}
{"timestamp":"2026-03-10T21:41:10.739Z","level":"INFO","message":"Command 1773178870731papp7lg in session sess-79e94f78 completed successfully","metadata":{}}
{"timestamp":"2026-03-10T21:41:10.745Z","level":"WARN","message":"Timeline event update did not persist during command execution","metadata":{"sessionId":"sess-79e94f78","eventId":"1773178870731papp7lg","updates":{"status":"success","output":"Command executed successfully with no output."}}}
{"timestamp":"2026-03-10T21:41:10.772Z","level":"INFO","message":"Received command execution request for session sess-9a85eec9: echo test","metadata":{}}
{"timestamp":"2026-03-10T21:41:10.784Z","level":"INFO","message":"Command 1773178870776valp1yy in session sess-9a85eec9 completed successfully","metadata":{}}
{"timestamp":"2026-03-10T21:41:10.790Z","level":"ERROR","message":"Failed to update timeline event during command execution","metadata":{"sessionId":"sess-9a85eec9","eventId":"1773178870776valp1yy","error":{}}}
